0 info it worked if it ends with ok
1 verbose cli [ '/usr/bin/node', '/usr/bin/npm', 'start' ]
2 info using npm@3.10.10
3 info using node@v6.11.5
4 verbose run-script [ 'prestart', 'start', 'poststart' ]
5 info lifecycle indicadorescl@1.0.0~prestart: indicadorescl@1.0.0
6 silly lifecycle indicadorescl@1.0.0~prestart: no script for prestart, continuing
7 info lifecycle indicadorescl@1.0.0~start: indicadorescl@1.0.0
8 verbose lifecycle indicadorescl@1.0.0~start: unsafe-perm in lifecycle true
9 verbose lifecycle indicadorescl@1.0.0~start: PATH: /usr/lib64/node_modules/npm/bin/node-gyp-bin:/home/jorgicio/MisCodigos/JS/indicadores/node_modules/.bin:/usr/x86_64-pc-linux-gnu/gcc-bin/6.4.0:/usr/x86_64-pc-linux-gnu/avr/gcc-bin/6.4.0:/usr/lib/llvm/5/bin:/usr/local/bin:/usr/bin:/bin:/opt/bin:/usr/games/bin
10 verbose lifecycle indicadorescl@1.0.0~start: CWD: /home/jorgicio/MisCodigos/JS/indicadores
11 silly lifecycle indicadorescl@1.0.0~start: Args: [ '-c', 'node index.js' ]
12 silly lifecycle indicadorescl@1.0.0~start: Returned: code: 1  signal: null
13 info lifecycle indicadorescl@1.0.0~start: Failed to exec start script
14 verbose stack Error: indicadorescl@1.0.0 start: `node index.js`
14 verbose stack Exit status 1
14 verbose stack     at EventEmitter.<anonymous> (/usr/lib64/node_modules/npm/lib/utils/lifecycle.js:255:16)
14 verbose stack     at emitTwo (events.js:106:13)
14 verbose stack     at EventEmitter.emit (events.js:191:7)
14 verbose stack     at ChildProcess.<anonymous> (/usr/lib64/node_modules/npm/lib/utils/spawn.js:40:14)
14 verbose stack     at emitTwo (events.js:106:13)
14 verbose stack     at ChildProcess.emit (events.js:191:7)
14 verbose stack     at maybeClose (internal/child_process.js:920:16)
14 verbose stack     at Process.ChildProcess._handle.onexit (internal/child_process.js:230:5)
15 verbose pkgid indicadorescl@1.0.0
16 verbose cwd /home/jorgicio/MisCodigos/JS/indicadores
17 error Linux 4.9.76-gentoo-r1
18 error argv "/usr/bin/node" "/usr/bin/npm" "start"
19 error node v6.11.5
20 error npm  v3.10.10
21 error code ELIFECYCLE
22 error indicadorescl@1.0.0 start: `node index.js`
22 error Exit status 1
23 error Failed at the indicadorescl@1.0.0 start script 'node index.js'.
23 error Make sure you have the latest version of node.js and npm installed.
23 error If you do, this is most likely a problem with the indicadorescl package,
23 error not with npm itself.
23 error Tell the author that this fails on your system:
23 error     node index.js
23 error You can get information on how to open an issue for this project with:
23 error     npm bugs indicadorescl
23 error Or if that isn't available, you can get their info via:
23 error     npm owner ls indicadorescl
23 error There is likely additional logging output above.
24 verbose exit [ 1, true ]
